<?xml version="1.0" encoding="UTF-8"?>
<testsuite name="com.tw.LengthTest" tests="2" skipped="0" failures="0" errors="0" timestamp="2022-07-06T05:10:29" hostname="LAPTOP-N34MENE0" time="0.056">
  <properties/>
  <testcase name="shouldCheckEqualityWhenTwoCentimeterIsComparedWithOneCentimeter()" classname="com.tw.LengthTest" time="0.053"/>
  <testcase name="shouldCheckEqualityWhenOneCentimeterIsComparedWithAnotherOneCentimeter()" classname="com.tw.LengthTest" time="0.001"/>
  <system-out><![CDATA[]]></system-out>
  <system-err><![CDATA[]]></system-err>
</testsuite>
