<?xml version="1.0" encoding="UTF-8"?>
<testsuite name="com.tw.LengthTest" tests="1" skipped="0" failures="0" errors="0" timestamp="2022-07-10T10:18:17" hostname="LAPTOP-N34MENE0" time="0.026">
  <properties/>
  <testcase name="shouldCheckEqualityWhenOneCentimeterIsComparedWithAnotherOneCentimeter()" classname="com.tw.LengthTest" time="0.026"/>
  <system-out><![CDATA[]]></system-out>
  <system-err><![CDATA[]]></system-err>
</testsuite>
